<?xml version="1.0" encoding="UTF-8"?>
<!-- Generated by org.testng.reporters.JUnitXMLReporter -->
<testsuite ignored="0" hostname="LAPTOP-C5JQGMV1" failures="2" tests="17" name="Test" time="68.324" errors="0" timestamp="07 Jan 2019 20:09:27 GMT">
  <testcase classname="com.testng1.AmazonSearch_RetryAnalyzer_AnnotationTransformer" name="browserproperty" time="1.202"/>
  <testcase classname="com.testng1.AmazonSearch_RetryAnalyzer_AnnotationTransformer" name="navigateURL" time="7.137"/>
  <testcase classname="com.testng1.AmazonSearch_RetryAnalyzer_AnnotationTransformer" name="getPageInfo" time="0.049">
    <skipped/>
  </testcase> <!-- getPageInfo -->
  <testcase classname="com.testng1.AmazonSearch_RetryAnalyzer_AnnotationTransformer" name="getPageInfo" time="0.114">
    <skipped/>
  </testcase> <!-- getPageInfo -->
  <testcase classname="com.testng1.AmazonSearch_RetryAnalyzer_AnnotationTransformer" name="getPageInfo" time="0.805">
    <skipped/>
  </testcase> <!-- getPageInfo -->
  <testcase classname="com.testng1.AmazonSearch_RetryAnalyzer_AnnotationTransformer" name="getPageInfo" time="0.029">
    <skipped/>
  </testcase> <!-- getPageInfo -->
  <testcase classname="com.testng1.AmazonSearch_RetryAnalyzer_AnnotationTransformer" name="getPageInfo" time="0.028">
    <skipped/>
  </testcase> <!-- getPageInfo -->
  <testcase classname="com.testng1.AmazonSearch_RetryAnalyzer_AnnotationTransformer" name="getPageInfo" time="0.032">
    <failure type="java.lang.AssertionError" message="expected [ Shopping site in India: Shop Online for Mobiles, Books, Watches, Shoes and More - Amazon.in] but found [Online Shopping site in India: Shop Online for Mobiles, Books, Watches, Shoes and More - Amazon.in]">
      <![CDATA[java.lang.AssertionError: expected [ Shopping site in India: Shop Online for Mobiles, Books, Watches, Shoes and More - Amazon.in] but found [Online Shopping site in India: Shop Online for Mobiles, Books, Watches, Shoes and More - Amazon.in]
at com.testng1.AmazonSearch_RetryAnalyzer_AnnotationTransformer.getPageInfo(AmazonSearch_RetryAnalyzer_AnnotationTransformer.java:48)
... Removed 31 stack frames]]>
    </failure>
  </testcase> <!-- getPageInfo -->
  <testcase classname="com.testng1.AmazonSearch_RetryAnalyzer_AnnotationTransformer" name="amazonsearch" time="14.332"/>
  <testcase classname="com.testng1.AmazonSearch_RetryAnalyzer_AnnotationTransformer" name="amazonsearch" time="10.548"/>
  <testcase classname="com.testng1.AmazonSearch_RetryAnalyzer_AnnotationTransformer" name="amazonsearch" time="10.472"/>
  <testcase classname="com.testng1.AmazonSearch_RetryAnalyzer_AnnotationTransformer" name="results" time="3.09">
    <skipped/>
  </testcase> <!-- results -->
  <testcase classname="com.testng1.AmazonSearch_RetryAnalyzer_AnnotationTransformer" name="results" time="3.085">
    <skipped/>
  </testcase> <!-- results -->
  <testcase classname="com.testng1.AmazonSearch_RetryAnalyzer_AnnotationTransformer" name="results" time="3.103">
    <skipped/>
  </testcase> <!-- results -->
  <testcase classname="com.testng1.AmazonSearch_RetryAnalyzer_AnnotationTransformer" name="results" time="3.062">
    <skipped/>
  </testcase> <!-- results -->
  <testcase classname="com.testng1.AmazonSearch_RetryAnalyzer_AnnotationTransformer" name="results" time="3.079">
    <skipped/>
  </testcase> <!-- results -->
  <testcase classname="com.testng1.AmazonSearch_RetryAnalyzer_AnnotationTransformer" name="results" time="3.085">
    <failure type="java.lang.AssertionError" message="expected [100] but found [24]">
      <![CDATA[java.lang.AssertionError: expected [100] but found [24]
at com.testng1.AmazonSearch_RetryAnalyzer_AnnotationTransformer.results(AmazonSearch_RetryAnalyzer_AnnotationTransformer.java:96)
... Removed 31 stack frames]]>
    </failure>
  </testcase> <!-- results -->
</testsuite> <!-- Test -->
