<?xml version="1.0" encoding="UTF-8"?>
<!-- Generated by org.testng.reporters.JUnitXMLReporter -->
<testsuite ignored="0" hostname="LAPTOP-C5JQGMV1" failures="0" tests="3" name="Test" time="14.151" errors="0" timestamp="16 Jan 2019 17:03:27 GMT">
  <testcase classname="com.POMtestng.GoogleSearch_Child1" name="navigateURL" time="4.97"/>
  <testcase classname="com.POMtestng.GoogleSearch_Child1" name="seleniumhq" time="3.515"/>
  <testcase classname="com.POMtestng.SeleniumHQ_Child2" name="seleniumpage" time="2.275"/>
</testsuite> <!-- Test -->
