<?xml version="1.0" encoding="UTF-8"?>
<!-- Generated by org.testng.reporters.JUnitXMLReporter -->
<testsuite ignored="0" hostname="LAPTOP-C5JQGMV1" failures="0" tests="5" name="Test" time="68.46" errors="0" timestamp="07 Jan 2019 15:23:54 GMT">
  <testcase classname="com.testng1.AmazonSearch_ISuiteListener" name="getURLdetails" time="0.987"/>
  <testcase classname="com.testng1.AmazonSearch_ISuiteListener" name="amazonsearch" time="16.717"/>
  <testcase classname="com.testng1.AmazonSearch_ISuiteListener" name="amazonsearch" time="9.751"/>
  <testcase classname="com.testng1.AmazonSearch_ISuiteListener" name="amazonsearch" time="9.683"/>
  <testcase classname="com.testng1.AmazonSearch_ISuiteListener" name="results" time="13.332"/>
</testsuite> <!-- Test -->
