<?xml version="1.0" encoding="UTF-8"?>
<!-- Generated by org.testng.reporters.JUnitXMLReporter -->
<testsuite ignored="0" hostname="LAPTOP-C5JQGMV1" failures="0" tests="3" name="TestngAnnotations" time="0.048" errors="0" timestamp="04 Jan 2019 07:10:58 GMT">
  <testcase classname="com.testng1.TestngAnnotations" name="btestcase1" time="0.007"/>
  <testcase classname="com.testng1.TestngAnnotations" name="atestcase2" time="0.002"/>
  <testcase classname="com.testng1.TestngAnnotations" name="atestcase2" time="0.003"/>
</testsuite> <!-- TestngAnnotations -->
