<?xml version="1.0" encoding="UTF-8"?>
<!-- Generated by org.testng.reporters.JUnitXMLReporter -->
<testsuite ignored="0" hostname="LAPTOP-C5JQGMV1" failures="0" tests="7" name="Test" time="61.307" errors="0" timestamp="05 Jan 2019 18:29:48 GMT">
  <testcase classname="com.testng1.AmazonSearch_Groups" name="browserproperty" time="1.177"/>
  <testcase classname="com.testng1.AmazonSearch_Groups" name="navigateURL" time="9.587"/>
  <testcase classname="com.testng1.AmazonSearch_Groups" name="getPageInfo" time="0.083"/>
  <testcase classname="com.testng1.AmazonSearch_Groups" name="amazonsearch" time="14.112"/>
  <testcase classname="com.testng1.AmazonSearch_Groups" name="amazonsearch" time="10.522"/>
  <testcase classname="com.testng1.AmazonSearch_Groups" name="amazonsearch" time="10.479"/>
  <testcase classname="com.testng1.AmazonSearch_Groups" name="results" time="9.994"/>
</testsuite> <!-- Test -->
