<?xml version="1.0" encoding="UTF-8"?>
<!-- Generated by org.testng.reporters.JUnitXMLReporter -->
<testsuite ignored="0" hostname="LAPTOP-C5JQGMV1" failures="0" tests="3" name="Default test" time="11.225" errors="0" timestamp="16 Jan 2019 07:03:33 GMT">
  <testcase classname="com.POMtestng.GoogleSearch_Child1" name="navigateURL" time="3.62"/>
  <testcase classname="com.POMtestng.GoogleSearch_Child1" name="seleniumhq" time="3.732"/>
  <testcase classname="com.POMtestng.SeleniumHQ_Child2" name="seleniumpage" time="0.823"/>
</testsuite> <!-- Default test -->
