<?xml version="1.0" encoding="UTF-8"?>
<!-- Generated by org.testng.reporters.JUnitXMLReporter -->
<testsuite ignored="0" hostname="LAPTOP-C5JQGMV1" failures="0" tests="3" name="Test" time="31.515" errors="0" timestamp="04 Jan 2019 18:42:05 GMT">
  <testcase classname="com.testng1.AmazonSearch_Parameter_XML" name="getURLdetails" time="1.24"/>
  <testcase classname="com.testng1.AmazonSearch_Parameter_XML" name="amazonsearch" time="4.59"/>
  <testcase classname="com.testng1.AmazonSearch_Parameter_XML" name="results" time="12.486"/>
</testsuite> <!-- Test -->
