<?xml version="1.0" encoding="UTF-8"?>
<!-- Generated by org.testng.reporters.JUnitXMLReporter -->
<testsuite ignored="0" hostname="LAPTOP-C5JQGMV1" failures="0" tests="3" name="Test1" time="31.388" errors="0" timestamp="04 Jan 2019 18:42:36 GMT">
  <testcase classname="com.testng1.AmazonSearch_Parameter_XML" name="getURLdetails" time="0.086"/>
  <testcase classname="com.testng1.AmazonSearch_Parameter_XML" name="amazonsearch" time="4.387"/>
  <testcase classname="com.testng1.AmazonSearch_Parameter_XML" name="results" time="12.437"/>
</testsuite> <!-- Test1 -->
